<?xml version="1.0" encoding="UTF-8"?>
<!-- Generated by org.testng.reporters.JUnitReportReporter -->
<testsuite hostname="LAPTOP-C6BNCV2K" failures="0" tests="1" name="SureFireTest" time="0.008" errors="0" timestamp="2023-06-06T07:30:25 IST" skipped="0">
  <testcase classname="SureFireTest" name="test" time="0.008"/>
  <system-out/>
</testsuite> <!-- SureFireTest -->
