<?xml version="1.0" encoding="UTF-8"?>
<!-- Generated by org.testng.reporters.JUnitReportReporter -->
<testsuite hostname="LAPTOP-C6BNCV2K" failures="0" tests="1" name="sup.SureFireTest" time="56.600" errors="0" timestamp="2023-06-06T16:40:47 IST" skipped="0">
  <testcase classname="sup.SureFireTest" name="test" time="56.600"/>
  <system-out/>
</testsuite> <!-- sup.SureFireTest -->
